<?xml version="1.0" encoding="UTF-8"?>
<testsuite xmlns:xsi="http://www.w3.org/2001/XMLSchema-instance" xsi:noNamespaceSchemaLocation="https://maven.apache.org/surefire/maven-surefire-plugin/xsd/surefire-test-report.xsd" name="TestSuite" time="162.302" tests="14" errors="0" skipped="0" failures="0">
  <properties>
[...]
</properties>
  <testcase name="loginWithInvalidPasswordNoUsername" classname="login.test.LoginInvalidPasswordNoUsernameTest" time="10.468"/>
  <testcase name="loginWithInvalidUsernameNoPassword" classname="login.test.LoginInvalidUsernameNoPasswordTest" time="8.172"/>
  <testcase name="loginWithInvalidUsernamePassword" classname="login.test.LoginInvalidUsernamePasswordTest" time="7.528"/>
  <testcase name="loginWithInvalidUsernameValidPassword" classname="login.test.LoginInvalidUsernameValidPasswordTest" time="8.104"/>
  <testcase name="LoginWithoutUsernamePasswordTest" classname="login.test.LoginNoUsernamePasswordTest" time="7.334"/>
  <testcase name="loginWithValidPasswordWithoutUsername" classname="login.test.LoginValidPasswordNoUsernameTest" time="7.697"/>
  <testcase name="loginWithValidUsernameInvalidPassword" classname="login.test.LoginValidUsernameInvalidPasswordTest" time="7.325"/>
  <testcase name="loginWithUsername" classname="login.test.LoginValidUsernameNoPasswordTest" time="7.473"/>
  <testcase name="loginWithValidUsernamePassword" classname="login.test.LoginValidUsernamePasswordTest" time="7.307"/>
  <testcase name="employeeAdd" classname="employee.test.EmployeeAddTest" time="17.109"/>
  <testcase name="employeeDetails" classname="employee.test.EmployeeDetailsTest" time="12.034"/>
  <testcase name="employeeEdit" classname="employee.test.EmployeeEditTest" time="16.662"/>
  <testcase name="employeeDelete" classname="employee.test.EmployeeDeleteTest" time="36.618"/>
  <testcase name="logoutWebApp" classname="logout.test.LogoutTest" time="7.714"/>
</testsuite>