<?xml version="1.0" encoding="UTF-8"?>
<!-- Generated by org.testng.reporters.JUnitXMLReporter -->
<testsuite ignored="0" hostname="MacBook-Pro-di-fabio.local" failures="0" tests="9" name="Testing login feature" time="71.438" errors="0" timestamp="07 Oct 2018 22:13:49 GMT">
  <testcase classname="login.test.LoginInvalidPasswordNoUsernameTest" name="loginWithInvalidPasswordNoUsername" time="10.463"/>
  <testcase classname="login.test.LoginInvalidUsernameNoPasswordTest" name="loginWithInvalidUsernameNoPassword" time="8.176"/>
  <testcase classname="login.test.LoginInvalidUsernamePasswordTest" name="loginWithInvalidUsernamePassword" time="7.528"/>
  <testcase classname="login.test.LoginInvalidUsernameValidPasswordTest" name="loginWithInvalidUsernameValidPassword" time="8.104"/>
  <testcase classname="login.test.LoginNoUsernamePasswordTest" name="LoginWithoutUsernamePasswordTest" time="7.334"/>
  <testcase classname="login.test.LoginValidPasswordNoUsernameTest" name="loginWithValidPasswordWithoutUsername" time="7.697"/>
  <testcase classname="login.test.LoginValidUsernameInvalidPasswordTest" name="loginWithValidUsernameInvalidPassword" time="7.325"/>
  <testcase classname="login.test.LoginValidUsernameNoPasswordTest" name="loginWithUsername" time="7.473"/>
  <testcase classname="login.test.LoginValidUsernamePasswordTest" name="loginWithValidUsernamePassword" time="7.307"/>
</testsuite> <!-- Testing login feature -->
