<?xml version="1.0" encoding="UTF-8"?>
<!-- Generated by org.testng.reporters.JUnitXMLReporter -->
<testsuite ignored="0" hostname="MacBook-Pro-di-fabio.local" failures="0" tests="4" name="Testing employee feature" time="82.426" errors="0" timestamp="07 Oct 2018 22:15:12 GMT">
  <testcase classname="employee.test.EmployeeAddTest" name="employeeAdd" time="17.108"/>
  <testcase classname="employee.test.EmployeeDetailsTest" name="employeeDetails" time="12.034"/>
  <testcase classname="employee.test.EmployeeEditTest" name="employeeEdit" time="16.662"/>
  <testcase classname="employee.test.EmployeeDeleteTest" name="employeeDelete" time="36.619"/>
</testsuite> <!-- Testing employee feature -->
